Compiling the CXX compiler identification source file "CMakeCXXCompilerId.cpp" failed.
Compiler: /usr/bin/clang++-11 
Build flags: 
Id flags:  

The output was:
1
/usr/bin/ld: não foi possível localizar -lstdc++: Arquivo ou diretório inexistente
clang: error: linker command failed with exit code 1 (use -v to see invocation)


Detecting CXX compiler ABI info failed to compile with the following output:
Change Dir: /home/edopeppe2/Área de Trabalho/trading_ai/build/CMakeFiles/CMakeTmp

Run Build Command(s):/usr/bin/gmake -f Makefile cmTC_a0017/fast && /usr/bin/gmake  -f CMakeFiles/cmTC_a0017.dir/build.make CMakeFiles/cmTC_a0017.dir/build
gmake[1]: Entering directory '/home/edopeppe2/Área de Trabalho/trading_ai/build/CMakeFiles/CMakeTmp'
Building CXX object CMakeFiles/cmTC_a0017.dir/CMakeCXXCompilerABI.cpp.o
/usr/bin/clang++-11   -v -MD -MT CMakeFiles/cmTC_a0017.dir/CMakeCXXCompilerABI.cpp.o -MF CMakeFiles/cmTC_a0017.dir/CMakeCXXCompilerABI.cpp.o.d -o CMakeFiles/cmTC_a0017.dir/CMakeCXXCompilerABI.cpp.o -c /usr/share/cmake-3.22/Modules/CMakeCXXCompilerABI.cpp
Ubuntu clang version 11.1.0-6
Target: x86_64-pc-linux-gnu
Thread model: posix
InstalledDir: /usr/bin
Found candidate GCC installation: /usr/bin/../lib/gcc/x86_64-linux-gnu/11
Found candidate GCC installation: /usr/bin/../lib/gcc/x86_64-linux-gnu/12
Found candidate GCC installation: /usr/bin/../lib/gcc/x86_64-linux-gnu/9
Found candidate GCC installation: /usr/lib/gcc/x86_64-linux-gnu/11
Found candidate GCC installation: /usr/lib/gcc/x86_64-linux-gnu/12
Found candidate GCC installation: /usr/lib/gcc/x86_64-linux-gnu/9
Selected GCC installation: /usr/bin/../lib/gcc/x86_64-linux-gnu/12
Candidate multilib: .;@m64
Selected multilib: .;@m64
 (in-process)
 "/usr/lib/llvm-11/bin/clang" -cc1 -triple x86_64-pc-linux-gnu -emit-obj -mrelax-all -disable-free -disable-llvm-verifier -discard-value-names -main-file-name CMakeCXXCompilerABI.cpp -mrelocation-model static -mframe-pointer=all -fmath-errno -fno-rounding-math -mconstructor-aliases -munwind-tables -target-cpu x86-64 -fno-split-dwarf-inlining -debugger-tuning=gdb -v -resource-dir /usr/lib/llvm-11/lib/clang/11.1.0 -dependency-file CMakeFiles/cmTC_a0017.dir/CMakeCXXCompilerABI.cpp.o.d -MT CMakeFiles/cmTC_a0017.dir/CMakeCXXCompilerABI.cpp.o -sys-header-deps -internal-isystem /usr/bin/../lib/gcc/x86_64-linux-gnu/12/../../../../include/c++ -internal-isystem /usr/bin/../lib/gcc/x86_64-linux-gnu/12/../../../../include/c++/x86_64-linux-gnu -internal-isystem /usr/bin/../lib/gcc/x86_64-linux-gnu/12/../../../../include/c++/backward -internal-isystem /usr/local/include -internal-isystem /usr/lib/llvm-11/lib/clang/11.1.0/include -internal-externc-isystem /usr/include/x86_64-linux-gnu -internal-externc-isystem /include -internal-externc-isystem /usr/include -fdeprecated-macro -fdebug-compilation-dir "/home/edopeppe2/Área de Trabalho/trading_ai/build/CMakeFiles/CMakeTmp" -ferror-limit 19 -fgnuc-version=4.2.1 -fcxx-exceptions -fexceptions -faddrsig -o CMakeFiles/cmTC_a0017.dir/CMakeCXXCompilerABI.cpp.o -x c++ /usr/share/cmake-3.22/Modules/CMakeCXXCompilerABI.cpp
clang -cc1 version 11.1.0 based upon LLVM 11.1.0 default target x86_64-pc-linux-gnu
ignoring nonexistent directory "/usr/bin/../lib/gcc/x86_64-linux-gnu/12/../../../../include/c++/x86_64-linux-gnu"
ignoring nonexistent directory "/usr/bin/../lib/gcc/x86_64-linux-gnu/12/../../../../include/c++/backward"
ignoring nonexistent directory "/include"
#include "..." search starts here:
#include <...> search starts here:
 /usr/bin/../lib/gcc/x86_64-linux-gnu/12/../../../../include/c++
 /usr/local/include
 /usr/lib/llvm-11/lib/clang/11.1.0/include
 /usr/include/x86_64-linux-gnu
 /usr/include
End of search list.
Linking CXX executable cmTC_a0017
/usr/bin/cmake -E cmake_link_script CMakeFiles/cmTC_a0017.dir/link.txt --verbose=1
/usr/bin/clang++-11  -v CMakeFiles/cmTC_a0017.dir/CMakeCXXCompilerABI.cpp.o -o cmTC_a0017 
Ubuntu clang version 11.1.0-6
Target: x86_64-pc-linux-gnu
Thread model: posix
InstalledDir: /usr/bin
Found candidate GCC installation: /usr/bin/../lib/gcc/x86_64-linux-gnu/11
Found candidate GCC installation: /usr/bin/../lib/gcc/x86_64-linux-gnu/12
Found candidate GCC installation: /usr/bin/../lib/gcc/x86_64-linux-gnu/9
Found candidate GCC installation: /usr/lib/gcc/x86_64-linux-gnu/11
Found candidate GCC installation: /usr/lib/gcc/x86_64-linux-gnu/12
Found candidate GCC installation: /usr/lib/gcc/x86_64-linux-gnu/9
Selected GCC installation: /usr/bin/../lib/gcc/x86_64-linux-gnu/12
Candidate multilib: .;@m64
Selected multilib: .;@m64
 "/usr/bin/ld" --build-id --eh-frame-hdr -m elf_x86_64 -dynamic-linker /lib64/ld-linux-x86-64.so.2 -o cmTC_a0017 /usr/bin/../lib/gcc/x86_64-linux-gnu/12/../../../x86_64-linux-gnu/crt1.o /usr/bin/../lib/gcc/x86_64-linux-gnu/12/../../../x86_64-linux-gnu/crti.o /usr/bin/../lib/gcc/x86_64-linux-gnu/12/crtbegin.o -L/usr/bin/../lib/gcc/x86_64-linux-gnu/12 -L/usr/bin/../lib/gcc/x86_64-linux-gnu/12/../../../x86_64-linux-gnu -L/usr/bin/../lib/gcc/x86_64-linux-gnu/12/../../../../lib64 -L/lib/x86_64-linux-gnu -L/lib/../lib64 -L/usr/lib/x86_64-linux-gnu -L/usr/lib/../lib64 -L/usr/lib/x86_64-linux-gnu/../../lib64 -L/usr/bin/../lib/gcc/x86_64-linux-gnu/12/../../.. -L/usr/lib/llvm-11/bin/../lib -L/lib -L/usr/lib CMakeFiles/cmTC_a0017.dir/CMakeCXXCompilerABI.cpp.o -lstdc++ -lm -lgcc_s -lgcc -lc -lgcc_s -lgcc /usr/bin/../lib/gcc/x86_64-linux-gnu/12/crtend.o /usr/bin/../lib/gcc/x86_64-linux-gnu/12/../../../x86_64-linux-gnu/crtn.o
/usr/bin/ld: cannot find -lstdc++: No such file or directory
clang: error: linker command failed with exit code 1 (use -v to see invocation)
gmake[1]: *** [CMakeFiles/cmTC_a0017.dir/build.make:100: cmTC_a0017] Error 1
gmake[1]: Leaving directory '/home/edopeppe2/Área de Trabalho/trading_ai/build/CMakeFiles/CMakeTmp'
gmake: *** [Makefile:127: cmTC_a0017/fast] Error 2




Determining if the CXX compiler works failed with the following output:
Change Dir: /home/edopeppe2/Área de Trabalho/trading_ai/build/CMakeFiles/CMakeTmp

Run Build Command(s):/usr/bin/gmake -f Makefile cmTC_614cd/fast && /usr/bin/gmake  -f CMakeFiles/cmTC_614cd.dir/build.make CMakeFiles/cmTC_614cd.dir/build
gmake[1]: Entrando no diretório '/home/edopeppe2/Área de Trabalho/trading_ai/build/CMakeFiles/CMakeTmp'
Building CXX object CMakeFiles/cmTC_614cd.dir/testCXXCompiler.cxx.o
/usr/bin/clang++-11    -MD -MT CMakeFiles/cmTC_614cd.dir/testCXXCompiler.cxx.o -MF CMakeFiles/cmTC_614cd.dir/testCXXCompiler.cxx.o.d -o CMakeFiles/cmTC_614cd.dir/testCXXCompiler.cxx.o -c "/home/edopeppe2/Área de Trabalho/trading_ai/build/CMakeFiles/CMakeTmp/testCXXCompiler.cxx"
Linking CXX executable cmTC_614cd
/usr/bin/cmake -E cmake_link_script CMakeFiles/cmTC_614cd.dir/link.txt --verbose=1
/usr/bin/clang++-11 CMakeFiles/cmTC_614cd.dir/testCXXCompiler.cxx.o -o cmTC_614cd 
/usr/bin/ld: não foi possível localizar -lstdc++: Arquivo ou diretório inexistente
clang: error: linker command failed with exit code 1 (use -v to see invocation)
gmake[1]: *** [CMakeFiles/cmTC_614cd.dir/build.make:100: cmTC_614cd] Erro 1
gmake[1]: Saindo do diretório '/home/edopeppe2/Área de Trabalho/trading_ai/build/CMakeFiles/CMakeTmp'
gmake: *** [Makefile:127: cmTC_614cd/fast] Erro 2



Compiling the CXX compiler identification source file "CMakeCXXCompilerId.cpp" failed.
Compiler: /usr/bin/clang++-11 
Build flags: 
Id flags:  

The output was:
1
/usr/bin/ld: não foi possível localizar -lstdc++: Arquivo ou diretório inexistente
clang: error: linker command failed with exit code 1 (use -v to see invocation)


Detecting CXX compiler ABI info failed to compile with the following output:
Change Dir: /home/edopeppe2/Área de Trabalho/trading_ai/build/CMakeFiles/CMakeTmp

Run Build Command(s):/usr/bin/gmake -f Makefile cmTC_b90cc/fast && /usr/bin/gmake  -f CMakeFiles/cmTC_b90cc.dir/build.make CMakeFiles/cmTC_b90cc.dir/build
gmake[1]: Entering directory '/home/edopeppe2/Área de Trabalho/trading_ai/build/CMakeFiles/CMakeTmp'
Building CXX object CMakeFiles/cmTC_b90cc.dir/CMakeCXXCompilerABI.cpp.o
/usr/bin/clang++-11   -v -MD -MT CMakeFiles/cmTC_b90cc.dir/CMakeCXXCompilerABI.cpp.o -MF CMakeFiles/cmTC_b90cc.dir/CMakeCXXCompilerABI.cpp.o.d -o CMakeFiles/cmTC_b90cc.dir/CMakeCXXCompilerABI.cpp.o -c /usr/share/cmake-3.22/Modules/CMakeCXXCompilerABI.cpp
Ubuntu clang version 11.1.0-6
Target: x86_64-pc-linux-gnu
Thread model: posix
InstalledDir: /usr/bin
Found candidate GCC installation: /usr/bin/../lib/gcc/x86_64-linux-gnu/11
Found candidate GCC installation: /usr/bin/../lib/gcc/x86_64-linux-gnu/12
Found candidate GCC installation: /usr/bin/../lib/gcc/x86_64-linux-gnu/9
Found candidate GCC installation: /usr/lib/gcc/x86_64-linux-gnu/11
Found candidate GCC installation: /usr/lib/gcc/x86_64-linux-gnu/12
Found candidate GCC installation: /usr/lib/gcc/x86_64-linux-gnu/9
Selected GCC installation: /usr/bin/../lib/gcc/x86_64-linux-gnu/12
Candidate multilib: .;@m64
Selected multilib: .;@m64
 (in-process)
 "/usr/lib/llvm-11/bin/clang" -cc1 -triple x86_64-pc-linux-gnu -emit-obj -mrelax-all -disable-free -disable-llvm-verifier -discard-value-names -main-file-name CMakeCXXCompilerABI.cpp -mrelocation-model static -mframe-pointer=all -fmath-errno -fno-rounding-math -mconstructor-aliases -munwind-tables -target-cpu x86-64 -fno-split-dwarf-inlining -debugger-tuning=gdb -v -resource-dir /usr/lib/llvm-11/lib/clang/11.1.0 -dependency-file CMakeFiles/cmTC_b90cc.dir/CMakeCXXCompilerABI.cpp.o.d -MT CMakeFiles/cmTC_b90cc.dir/CMakeCXXCompilerABI.cpp.o -sys-header-deps -internal-isystem /usr/bin/../lib/gcc/x86_64-linux-gnu/12/../../../../include/c++ -internal-isystem /usr/bin/../lib/gcc/x86_64-linux-gnu/12/../../../../include/c++/x86_64-linux-gnu -internal-isystem /usr/bin/../lib/gcc/x86_64-linux-gnu/12/../../../../include/c++/backward -internal-isystem /usr/local/include -internal-isystem /usr/lib/llvm-11/lib/clang/11.1.0/include -internal-externc-isystem /usr/include/x86_64-linux-gnu -internal-externc-isystem /include -internal-externc-isystem /usr/include -fdeprecated-macro -fdebug-compilation-dir "/home/edopeppe2/Área de Trabalho/trading_ai/build/CMakeFiles/CMakeTmp" -ferror-limit 19 -fgnuc-version=4.2.1 -fcxx-exceptions -fexceptions -faddrsig -o CMakeFiles/cmTC_b90cc.dir/CMakeCXXCompilerABI.cpp.o -x c++ /usr/share/cmake-3.22/Modules/CMakeCXXCompilerABI.cpp
clang -cc1 version 11.1.0 based upon LLVM 11.1.0 default target x86_64-pc-linux-gnu
ignoring nonexistent directory "/usr/bin/../lib/gcc/x86_64-linux-gnu/12/../../../../include/c++/x86_64-linux-gnu"
ignoring nonexistent directory "/usr/bin/../lib/gcc/x86_64-linux-gnu/12/../../../../include/c++/backward"
ignoring nonexistent directory "/include"
#include "..." search starts here:
#include <...> search starts here:
 /usr/bin/../lib/gcc/x86_64-linux-gnu/12/../../../../include/c++
 /usr/local/include
 /usr/lib/llvm-11/lib/clang/11.1.0/include
 /usr/include/x86_64-linux-gnu
 /usr/include
End of search list.
Linking CXX executable cmTC_b90cc
/usr/bin/cmake -E cmake_link_script CMakeFiles/cmTC_b90cc.dir/link.txt --verbose=1
/usr/bin/clang++-11  -v CMakeFiles/cmTC_b90cc.dir/CMakeCXXCompilerABI.cpp.o -o cmTC_b90cc 
Ubuntu clang version 11.1.0-6
Target: x86_64-pc-linux-gnu
Thread model: posix
InstalledDir: /usr/bin
Found candidate GCC installation: /usr/bin/../lib/gcc/x86_64-linux-gnu/11
Found candidate GCC installation: /usr/bin/../lib/gcc/x86_64-linux-gnu/12
Found candidate GCC installation: /usr/bin/../lib/gcc/x86_64-linux-gnu/9
Found candidate GCC installation: /usr/lib/gcc/x86_64-linux-gnu/11
Found candidate GCC installation: /usr/lib/gcc/x86_64-linux-gnu/12
Found candidate GCC installation: /usr/lib/gcc/x86_64-linux-gnu/9
Selected GCC installation: /usr/bin/../lib/gcc/x86_64-linux-gnu/12
Candidate multilib: .;@m64
Selected multilib: .;@m64
 "/usr/bin/ld" --build-id --eh-frame-hdr -m elf_x86_64 -dynamic-linker /lib64/ld-linux-x86-64.so.2 -o cmTC_b90cc /usr/bin/../lib/gcc/x86_64-linux-gnu/12/../../../x86_64-linux-gnu/crt1.o /usr/bin/../lib/gcc/x86_64-linux-gnu/12/../../../x86_64-linux-gnu/crti.o /usr/bin/../lib/gcc/x86_64-linux-gnu/12/crtbegin.o -L/usr/bin/../lib/gcc/x86_64-linux-gnu/12 -L/usr/bin/../lib/gcc/x86_64-linux-gnu/12/../../../x86_64-linux-gnu -L/usr/bin/../lib/gcc/x86_64-linux-gnu/12/../../../../lib64 -L/lib/x86_64-linux-gnu -L/lib/../lib64 -L/usr/lib/x86_64-linux-gnu -L/usr/lib/../lib64 -L/usr/lib/x86_64-linux-gnu/../../lib64 -L/usr/bin/../lib/gcc/x86_64-linux-gnu/12/../../.. -L/usr/lib/llvm-11/bin/../lib -L/lib -L/usr/lib CMakeFiles/cmTC_b90cc.dir/CMakeCXXCompilerABI.cpp.o -lstdc++ -lm -lgcc_s -lgcc -lc -lgcc_s -lgcc /usr/bin/../lib/gcc/x86_64-linux-gnu/12/crtend.o /usr/bin/../lib/gcc/x86_64-linux-gnu/12/../../../x86_64-linux-gnu/crtn.o
/usr/bin/ld: cannot find -lstdc++: No such file or directory
clang: error: linker command failed with exit code 1 (use -v to see invocation)
gmake[1]: *** [CMakeFiles/cmTC_b90cc.dir/build.make:100: cmTC_b90cc] Error 1
gmake[1]: Leaving directory '/home/edopeppe2/Área de Trabalho/trading_ai/build/CMakeFiles/CMakeTmp'
gmake: *** [Makefile:127: cmTC_b90cc/fast] Error 2




Determining if the CXX compiler works failed with the following output:
Change Dir: /home/edopeppe2/Área de Trabalho/trading_ai/build/CMakeFiles/CMakeTmp

Run Build Command(s):/usr/bin/gmake -f Makefile cmTC_300bf/fast && /usr/bin/gmake  -f CMakeFiles/cmTC_300bf.dir/build.make CMakeFiles/cmTC_300bf.dir/build
gmake[1]: Entrando no diretório '/home/edopeppe2/Área de Trabalho/trading_ai/build/CMakeFiles/CMakeTmp'
Building CXX object CMakeFiles/cmTC_300bf.dir/testCXXCompiler.cxx.o
/usr/bin/clang++-11    -MD -MT CMakeFiles/cmTC_300bf.dir/testCXXCompiler.cxx.o -MF CMakeFiles/cmTC_300bf.dir/testCXXCompiler.cxx.o.d -o CMakeFiles/cmTC_300bf.dir/testCXXCompiler.cxx.o -c "/home/edopeppe2/Área de Trabalho/trading_ai/build/CMakeFiles/CMakeTmp/testCXXCompiler.cxx"
Linking CXX executable cmTC_300bf
/usr/bin/cmake -E cmake_link_script CMakeFiles/cmTC_300bf.dir/link.txt --verbose=1
/usr/bin/clang++-11 CMakeFiles/cmTC_300bf.dir/testCXXCompiler.cxx.o -o cmTC_300bf 
/usr/bin/ld: não foi possível localizar -lstdc++: Arquivo ou diretório inexistente
clang: error: linker command failed with exit code 1 (use -v to see invocation)
gmake[1]: *** [CMakeFiles/cmTC_300bf.dir/build.make:100: cmTC_300bf] Erro 1
gmake[1]: Saindo do diretório '/home/edopeppe2/Área de Trabalho/trading_ai/build/CMakeFiles/CMakeTmp'
gmake: *** [Makefile:127: cmTC_300bf/fast] Erro 2



